
[2K[1G[1myarn run v1.22.22[22m
[2K[1G[33mwarning[39m package.json: No license field
[2K[1G[2m$ ts-node scripts/build.ts && ts-node scripts/build-types.ts && ts-node scripts/build-theme-css.ts[22m
Warning: @tagaddod/tokens not found, using mock data for build
✔ Themes built successfully
  - dist/tagaddod.json
  - dist/greenpan.json
  - dist/index.js
✔ Types generated successfully
[1G[0K⠙[1G[0K[38;2;255;140;0m[1m[22m[39m
[38;2;255;140;0m[1mToken collisions detected (66):[22m[39m
[38;2;255;140;0m[1mUse log.verbosity "verbose" or use CLI option --verbose for more details.[22m[39m
[38;2;255;140;0m[1mRefer to: https://styledictionary.com/reference/logging/[22m[39m

css
[1m[32m✔︎ dist/css/theme-tagaddod.css[39m[22m
[1G[0K⠙[1G[0K✔ Built CSS for tagaddod theme
[1G[0K[38;2;255;140;0m[1m[22m[39m
[38;2;255;140;0m[1mToken collisions detected (76):[22m[39m
[38;2;255;140;0m[1mUse log.verbosity "verbose" or use CLI option --verbose for more details.[22m[39m
[38;2;255;140;0m[1mRefer to: https://styledictionary.com/reference/logging/[22m[39m

css
[1m[32m✔︎ dist/css/theme-greenpan.css[39m[22m
[1G[0K⠙[1G[0K✔ Built CSS for greenpan theme
✔ Combined all theme CSS into themes.css
[2K[1G✨  Done in 4.12s.
